 Connecting to MySQL
 MySQL Ping Timeout: 28740 seconds
 Connected to MySQL server
 Could not bind socket
 Server connected from 127.0.0.1
 Channel #2 connected from ip 127.0.0.1
 Accessing worldserver IP: 127.0.0.1 , Port: 29210
 User connected from 127.0.0.1
 User 'frans'(#1) logged in
 User frans(1) selected char 'Frans'
 World server requested char select for user: 
 Client Notify that server has changed.
 Client has returned to char select
 User frans(1) selected char 'Neanne'
 World server requested char select for user: 
 Client Notify that server has changed.
 Client has returned to char select
 User frans(1) selected char 'Frans'
 World server requested char select for user: 
 Client Notify that server has changed.
 Client has returned to char select
 User frans(1) selected char 'Frans'
 User disconnected - charserver.cpp
 Server disconnected
