(SID:00000572) IN  0703: 
(SID:00000572) IN  0708: 33 31 63 66 32 62 33 35 36 31 62 32 61 65 64 36 30 62 66 38 63 30 32 34 31 34 63 63 39 35 35 61 66 72 61 6e 73 00 
(SID:00000572) IN  0704: 01 00 00 00 
(SID:00000572) IN  070a: 01 00 00 00 02 
(SID:00000180) IN  070b: 01 00 00 00 33 31 63 66 32 62 33 35 36 31 62 32 61 65 64 36 30 62 66 38 63 30 32 34 31 34 63 63 39 35 35 61 
(SID:00000180) IN  0712: 
(SID:00000180) IN  0715: 02 00 00 4e 65 61 6e 6e 65 32 00 
(SID:00000600) IN  0703: 
(SID:00000600) IN  0708: 33 31 63 66 32 62 33 35 36 31 62 32 61 65 64 36 30 62 66 38 63 30 32 34 31 34 63 63 39 35 35 61 66 72 61 6e 73 00 
(SID:00000600) IN  0704: 01 00 00 00 
(SID:00000600) IN  070a: 01 00 00 00 02 
(SID:00000180) IN  070b: 01 00 00 00 33 31 63 66 32 62 33 35 36 31 62 32 61 65 64 36 30 62 66 38 63 30 32 34 31 34 63 63 39 35 35 61 
(SID:00000180) IN  0712: 
(SID:00000180) IN  0715: 02 00 00 4e 65 61 6e 6e 65 32 00 
(SID:00001224) IN  070b: 01 00 00 00 33 31 63 66 32 62 33 35 36 31 62 32 61 65 64 36 30 62 66 38 63 30 32 34 31 34 63 63 39 35 35 61 
(SID:00000180) IN  07e0: 08 
(SID:00000180) IN  07e0: 0f 02 00 00 00 
(SID:00000180) IN  07e5: 03 
(SID:00001224) IN  0753: 01 02 00 
(SID:00001224) IN  079a: 00 00 59 83 f9 48 79 6f ff 48 23 01 
(SID:00001224) IN  0783: 2f 6d 79 73 74 61 74 20 6d 70 00 
(SID:00001224) IN  0783: 2f 6d 79 73 74 61 74 20 3f 00 
(SID:00001224) IN  0783: 2f 6d 79 73 74 61 74 20 73 74 61 6d 69 6e 61 00 
(SID:00001224) IN  0783: 2f 67 6f 00 
(SID:00001224) IN  0783: 2f 67 6f 20 34 00 
(SID:00001224) IN  0700: 
(SID:00001224) IN  0783: 2f 65 78 70 20 31 30 30 30 30 30 30 30 00 
(SID:00001224) IN  0783: 2f 67 6f 20 34 00 
(SID:00001224) IN  0753: 01 67 6f 
(SID:00001224) IN  0783: 2f 67 6f 20 32 00 
(SID:00001224) IN  0753: 00 67 6f 
(SID:00001224) IN  0783: 2f 74 72 61 6e 73 78 00 
(SID:00000632) IN  0703: 
(SID:00000632) IN  0708: 33 31 63 66 32 62 33 35 36 31 62 32 61 65 64 36 30 62 66 38 63 30 32 34 31 34 63 63 39 35 35 61 66 72 61 6e 73 00 
(SID:00000632) IN  0704: 01 00 00 00 
(SID:00000632) IN  070a: 01 00 00 00 02 
(SID:00000188) IN  070b: 01 00 00 00 33 31 63 66 32 62 33 35 36 31 62 32 61 65 64 36 30 62 66 38 63 30 32 34 31 34 63 63 39 35 35 61 
(SID:00000188) IN  0712: 
(SID:00000188) IN  0715: 02 00 00 4e 65 61 6e 6e 65 32 00 
(SID:00001356) IN  070b: 01 00 00 00 33 31 63 66 32 62 33 35 36 31 62 32 61 65 64 36 30 62 66 38 63 30 32 34 31 34 63 63 39 35 35 61 
(SID:00000188) IN  07e0: 08 
(SID:00000188) IN  07e0: 0f 42 00 00 00 
(SID:00000188) IN  07e5: 03 
(SID:00001356) IN  0753: 01 42 00 
(SID:00001356) IN  079a: 00 00 38 e9 ff 48 32 5f fd 48 c8 02 
(SID:00001356) IN  0783: 2f 68 61 69 72 20 31 00 
(SID:00001356) IN  0783: 2f 66 61 63 65 20 31 00 
(SID:00001356) IN  0783: 2f 74 72 61 6e 73 78 00 
