 Autosaving Every 60 minutes
 Connecting to MySQL
 MySQL Ping Timeout: 28740 seconds
 Connected to MySQL server
 opened ISC poort 29210
 STB Data             
 Loading STB: '3DData\STB\LIST_NPC.STB'
                                                                                                                 
 Loading STB: '3DData\STB\LIST_SKILL.STB'
                                                                                                                 
 Loading STB: '3DData\STB\LIST_STATUS.STB'
                                                                                                                 
 Loading STB: '3DData\STB\LIST_QUEST.STB'
                                                                                                                 
 Loading STB: '3DData\STB\LIST_FACEITEM.STB'
                                                                                                                 
 Loading STB: '3DData\STB\LIST_CAP.STB'
                                                                                                                 
 Loading STB: '3DData\STB\LIST_BODY.STB'
                                                                                                                 
 Loading STB: '3DData\STB\LIST_ARMS.STB'
                                                                                                                 
 Loading STB: '3DData\STB\LIST_FOOT.STB'
                                                                                                                 
 Loading STB: '3DData\STB\LIST_BACK.STB'
                                                                                                                 
 Loading STB: '3DData\STB\LIST_JEWEL.STB'
                                                                                                                 
 Loading STB: '3DData\STB\LIST_WEAPON.STB'
                                                                                                                 
 Loading STB: '3DData\STB\LIST_SUBWPN.STB'
                                                                                                                 
 Loading STB: '3DData\STB\LIST_USEITEM.STB'
                                                                                                                 
 Loading STB: '3DData\STB\LIST_JEMITEM.STB'
                                                                                                                 
 Loading STB: '3DData\STB\LIST_NATURAL.STB'
                                                                                                                 
 Loading STB: '3DData\STB\LIST_QUESTITEM.STB'
                                                                                                                 
 Loading STB: '3DData\STB\LIST_PAT.STB'
                                                                                                                 
 Loading STB: '3DData\STB\LIST_PRODUCT.STB'
                                                                                                                 
 Loading STB: '3DData\STB\LIST_SELL.STB'
                                                                                                                 
 Loading STB: '3DData\STB\LIST_ZONE.STB'
                                                                                                                 
 Loading STB: '3DData\STB\ITEM_DROP.STB'
                                                                                                                 
 Zone Data       
 Consumible Data         
 Sell Data         
 Product Data         
 Consumible Data         
 Natural Data         
 Jem Data         
 Equip Data         
 Item Stats         
 Skills data            
 Status Data             
 Loading PYDrops Data
 PYDrops loaded
 Loading Skillbook data
 Skillbook Data loaded
 Loading database config
 Config Data Loaded
 NPC Data           
 Telegates data       
 RespawnZones data        
 MobGroups data    
 NPC spawn        
 Monsters Spawn       
 Refine Data      
 QSD load: 3Ddata\QuestData\QV00-000.qsd
 QSD load: 3Ddata\QuestData\mileage.qsd
 QSD load: 3Ddata\QuestData\PvP-A.qsd
 QSD load: 3Ddata\QuestData\PvP10.qsd
 QSD load: 3Ddata\QuestData\QC001.qsd
 QSD load: 3Ddata\QuestData\QJ000-01.qsd
 QSD load: 3Ddata\QuestData\QJ111-01.qsd
 QSD load: 3Ddata\QuestData\QJ211-01.qsd
 QSD load: 3Ddata\QuestData\QJ311-01.qsd
 QSD load: 3Ddata\QuestData\QJ411-01.qsd
 QSD load: 3Ddata\QuestData\QJ111-06.qsd
 QSD load: 3Ddata\QuestData\QJ211-06.qsd
 QSD load: 3Ddata\QuestData\QJ311-06.qsd
 QSD load: 3Ddata\QuestData\QJ411-06.qsd
 QSD load: 3Ddata\QuestData\Tutorial.qsd
 QSD load: 3Ddata\QuestData\QS10-001.qsd
 QSD load: 3Ddata\QuestData\QS11-001.qsd
 QSD load: 3Ddata\QuestData\QS12-001.qsd
 QSD load: 3Ddata\QuestData\QS11-002.qsd
 QSD load: 3Ddata\QuestData\QS12-002.qsd
 QSD load: 3Ddata\QuestData\QE001.qsd
 QSD load: 3Ddata\QuestData\QU01-001.qsd
 QSD load: 3Ddata\QuestData\QU01-100.qsd
 QSD load: 3Ddata\QuestData\PvP13-01.qsd
 QSD load: 3Ddata\QuestData\QU03-001.qsd
 QSD load: 3Ddata\QuestData\QU03-100.qsd
 QSD load: 3Ddata\QuestData\QU04-001.qsd
 QSD load: 3Ddata\QuestData\QU04-100.qsd
 QSD load: 3Ddata\QuestData\QU05-001.qsd
 QSD load: 3Ddata\QuestData\QU05-100.qsd
 QSD load: 3Ddata\QuestData\QP101.qsd
 QSD load: 3Ddata\QuestData\QP102.qsd
 QSD load: 3Ddata\QuestData\QP103.qsd
 QSD load: 3Ddata\QuestData\QP10-003.qsd
 QSD load: 3Ddata\QuestData\QP201.qsd
 QSD load: 3Ddata\QuestData\QL-104.qsd
 QSD load: 3Ddata\QuestData\QN-001.qsd
 QSD load: 3Ddata\QuestData\QN-002.qsd
 QSD load: 3Ddata\QuestData\QN-003.qsd
 QSD load: 3Ddata\QuestData\QN-011.qsd
 QSD load: 3Ddata\QuestData\QN-012.qsd
 QSD load: 3Ddata\QuestData\QN-013.qsd
 QSD load: 3Ddata\QuestData\QN-015.qsd
 QSD load: 3Ddata\QuestData\QN-021.qsd
 QSD load: 3Ddata\QuestData\QN-022.qsd
 QSD load: 3Ddata\QuestData\QN-023.qsd
 QSD load: 3Ddata\QuestData\QN-031.qsd
 QSD load: 3Ddata\QuestData\QN-032.qsd
 QSD load: 3Ddata\QuestData\QN-041.qsd
 QSD load: 3Ddata\QuestData\QN-042.qsd
 QSD load: 3Ddata\QuestData\QN-043.qsd
 QSD load: 3Ddata\QuestData\QN-044.qsd
 QSD load: 3Ddata\QuestData\QN-045.qsd
 QSD load: 3Ddata\QuestData\QN-049.qsd
 QSD load: 3Ddata\QuestData\QN-051.qsd
 QSD load: 3Ddata\QuestData\QN-052.qsd
 QSD load: 3Ddata\QuestData\QN-053.qsd
 QSD load: 3Ddata\QuestData\QN-061.qsd
 QSD load: 3Ddata\QuestData\QN-062.qsd
 QSD load: 3Ddata\QuestData\QN-064.qsd
 QSD load: 3Ddata\QuestData\QN-067.qsd
 QSD load: 3Ddata\QuestData\QN-068.qsd
 QSD load: 3Ddata\QuestData\QN-069.qsd
 QSD load: 3Ddata\QuestData\QN-071.qsd
 QSD load: 3Ddata\QuestData\QN-072.qsd
 QSD load: 3Ddata\QuestData\QN-073.qsd
 QSD load: 3Ddata\QuestData\QN-074.qsd
 QSD load: 3Ddata\QuestData\QN-075.qsd
 QSD load: 3Ddata\QuestData\QN-081.qsd
 QSD load: 3Ddata\QuestData\QN-082.qsd
 QSD load: 3Ddata\QuestData\QN-084.qsd
 QSD load: 3Ddata\QuestData\QN-085.qsd
 QSD load: 3Ddata\QuestData\QN-087.qsd
 QSD load: 3Ddata\QuestData\QN-088.qsd
 QSD load: 3Ddata\QuestData\QN-091.qsd
 QSD load: 3Ddata\QuestData\QN-092.qsd
 QSD load: 3Ddata\QuestData\QN-093.qsd
 QSD load: 3Ddata\QuestData\QN-096.qsd
 QSD load: 3Ddata\QuestData\QN-101.qsd
 QSD load: 3Ddata\QuestData\QN-102.qsd
 QSD load: 3Ddata\QuestData\QN-103.qsd
 QSD load: 3Ddata\QuestData\QN-111.qsd
 QSD load: 3Ddata\QuestData\QN-112.qsd
 QSD load: 3Ddata\QuestData\QN-113.qsd
 QSD load: 3Ddata\QuestData\QN-114.qsd
 QSD load: 3Ddata\QuestData\QN-121.qsd
 QSD load: 3Ddata\QuestData\QN-122.qsd
 QSD load: 3Ddata\QuestData\QN-132.qsd
 QSD load: 3Ddata\QuestData\QN-133.qsd
 QSD load: 3Ddata\QuestData\QN-134.qsd
 QSD load: 3Ddata\QuestData\QN-135.qsd
 QSD load: 3Ddata\QuestData\QN-136.qsd
 QSD load: 3Ddata\QuestData\QN-142.qsd
 QSD load: 3Ddata\QuestData\QN-143.qsd
 QSD load: 3Ddata\QuestData\QN-151.qsd
 QSD load: 3Ddata\QuestData\QN-152.qsd
 QSD load: 3Ddata\QuestData\QN-153.qsd
 QSD load: 3Ddata\QuestData\QN-154.qsd
 QSD load: 3Ddata\QuestData\QN-155.qsd
 QSD load: 3Ddata\QuestData\QN-156.qsd
 QSD load: 3Ddata\QuestData\QN-157.qsd
 QSD load: 3Ddata\QuestData\QN-158.qsd
 QSD load: 3Ddata\QuestData\QN-164.qsd
 QSD load: 3Ddata\QuestData\QN-165.qsd
 QSD load: 3Ddata\QuestData\QN-166.qsd
 QSD load: 3Ddata\QuestData\QN-169.qsd
 QSD load: 3Ddata\QuestData\QN-172.qsd
 QSD load: 3Ddata\QuestData\QN-173.qsd
 QSD load: 3Ddata\QuestData\QN-175.qsd
 QSD load: 3Ddata\QuestData\QN-176.qsd
 QSD load: 3Ddata\QuestData\QN-181.qsd
 QSD load: 3Ddata\QuestData\QN-182.qsd
 QSD load: 3Ddata\QuestData\QN-183.qsd
 QSD load: 3Ddata\QuestData\QN-185.qsd
 QSD load: 3Ddata\QuestData\QN-186.qsd
 QSD load: 3Ddata\QuestData\QN-201.qsd
 QSD load: 3Ddata\QuestData\QN-203.qsd
 QSD load: 3Ddata\QuestData\QN-205.qsd
 QSD load: 3Ddata\QuestData\QN-207.qsd
 QSD load: 3Ddata\QuestData\QN-208.qsd
 QSD load: 3Ddata\QuestData\QN-209.qsd
 QSD load: 3Ddata\QuestData\QN-211.qsd
 QSD load: 3Ddata\QuestData\QN-212.qsd
 QSD load: 3Ddata\QuestData\QN-261.qsd
 QSD load: 3Ddata\QuestData\QN-271.qsd
 QSD load: 3Ddata\QuestData\QN-272.qsd
 QSD load: 3Ddata\QuestData\QN-273.qsd
 QSD load: 3Ddata\QuestData\QN-274.qsd
 QSD load: 3Ddata\QuestData\QN-275.qsd
 QSD load: 3Ddata\QuestData\QN-276.qsd
 QSD load: 3Ddata\QuestData\QN-277.qsd
 QSD load: 3Ddata\QuestData\QN-278.qsd
 QSD load: 3Ddata\QuestData\QN-279.qsd
 QSD load: 3Ddata\QuestData\QN-281.qsd
 QSD load: 3Ddata\QuestData\QN-282.qsd
 QSD load: 3Ddata\QuestData\QN-287.qsd
 QSD load: 3Ddata\QuestData\QN-309.qsd
 QSD load: 3Ddata\QuestData\QN-351.qsd
 QSD load: 3Ddata\QuestData\QN-352.qsd
 QSD load: 3Ddata\QuestData\QN-353.qsd
 QSD load: 3Ddata\QuestData\QN-354.qsd
 QSD load: 3Ddata\QuestData\QN-401.qsd
 QSD load: 3Ddata\QuestData\QN-402.qsd
 QSD load: 3Ddata\QuestData\QN-403.qsd
 QSD load: 3Ddata\QuestData\QN-405.qsd
 QSD load: 3Ddata\QuestData\QN-406.qsd
 QSD load: 3Ddata\QuestData\QN-408.qsd
 QSD load: 3Ddata\QuestData\QN-409.qsd
 QSD load: 3Ddata\QuestData\QN-410.qsd
 QSD load: 3Ddata\QuestData\QN-451.qsd
 QSD load: 3Ddata\QuestData\QN-452.qsd
 QSD load: 3Ddata\QuestData\QN-453.qsd
 QSD load: 3Ddata\QuestData\QN-711.qsd
 QSD load: 3Ddata\QuestData\QN-712.qsd
 QSD load: 3Ddata\QuestData\QN-713.qsd
 QSD load: 3Ddata\QuestData\QN-714.qsd
 QSD load: 3Ddata\QuestData\QN-715.qsd
 QSD load: 3Ddata\QuestData\QN-716.qsd
 QSD load: 3Ddata\QuestData\QN-717.qsd
 QSD load: 3Ddata\QuestData\QN-718.qsd
 QSD load: 3Ddata\QuestData\QN-719.qsd
 QSD load: 3Ddata\QuestData\QN-720.qsd
 QSD load: 3Ddata\QuestData\QN-721.qsd
 QSD load: 3Ddata\QuestData\QN-722.qsd
 QSD load: 3Ddata\QuestData\QN-723.qsd
 QSD load: 3Ddata\QuestData\QN-724.qsd
 QSD load: 3Ddata\QuestData\QN-725.qsd
 QSD load: 3Ddata\QuestData\QN-726.qsd
 QSD load: 3Ddata\QuestData\QN-727.qsd
 QSD load: 3Ddata\QuestData\QN-728.qsd
 QSD load: 3Ddata\QuestData\QN-729.qsd
 QSD load: 3Ddata\QuestData\QN-730.qsd
 QSD load: 3Ddata\QuestData\QN-731.qsd
 QSD load: 3Ddata\QuestData\QN-732.qsd
 QSD load: 3Ddata\QuestData\QN-733.qsd
 QSD load: 3Ddata\QuestData\QN-734.qsd
 QSD load: 3Ddata\QuestData\QN-735.qsd
 QSD load: 3Ddata\QuestData\QN-736.qsd
 QSD load: 3Ddata\QuestData\QN-737.qsd
 QSD load: 3Ddata\QuestData\QN-738.qsd
 QSD load: 3Ddata\QuestData\QN-739.qsd
 QSD load: 3Ddata\QuestData\QN-740.qsd
 Finished loading quest data                              
 Finished loading aip data                              
 Cleaning Connected Clients         
 Database Loaded                      
 Process Loaded. WorldDelay 700 | MapDelay 10 | VisualDelay 200
 Server took 2.6420 seconds to load
 Server started on port 29200 and is listening.
 Server connected from 127.0.0.1
 (SID:1292) Received packet. Command:0500 Size:000a
 User connected from 127.0.0.1
 (SID:1224) Received packet. Command:070b Size:002a
 User 'frans'(#1) logged in with character 'Neanne2'
 (SID:1224) Received packet. Command:0753 Size:0009
 User 'frans'(#1) assigned id #23261
 (SID:1224) Received packet. Command:079a Size:0012
 (SID:1224) Received packet. Command:0783 Size:0011
 (SID:1224) Received packet. Command:0783 Size:0010
 (SID:1224) Received packet. Command:0783 Size:0016
 (SID:1224) Received packet. Command:0783 Size:000a
 (SID:1224) Received packet. Command:0783 Size:000c
 (SID:1224) Received packet. Command:0700 Size:0006
 (SID:1224) Received packet. Command:0783 Size:0014
  Neanne2 : /exp 10000000 Neanne2
 (SID:1224) Received packet. Command:0783 Size:000c
 XCID, clearing CID 23261
 CID 23261 has already been cleared?
 XCID, clearing CID 23261
  Neanne2 : /go 4
 Do Skill btTarget 2 nSkill 2973 nMotion 6
 skill target type 7
 Do Skill btTarget 2 nSkill 2973 nMotion 6
 skill target type 7
 Do Skill btTarget 2 nSkill 2973 nMotion 6
 skill target type 7
 Do Skill btTarget 2 nSkill 2973 nMotion 6
 skill target type 7
 Do Skill btTarget 2 nSkill 2973 nMotion 6
 skill target type 7
 Do Skill btTarget 2 nSkill 2973 nMotion 6
 skill target type 7
 Do Skill btTarget 2 nSkill 2973 nMotion 6
 skill target type 7
 Do Skill btTarget 2 nSkill 2973 nMotion 6
 skill target type 7
 Do Skill btTarget 2 nSkill 2973 nMotion 6
 skill target type 7
 (SID:1224) Received packet. Command:0753 Size:0009
 User 'frans'(#1) assigned id #23262
 Do Skill btTarget 2 nSkill 2973 nMotion 6
 skill target type 7
 Do Skill btTarget 2 nSkill 2973 nMotion 6
 skill target type 7
 Do Skill btTarget 2 nSkill 2973 nMotion 6
 skill target type 7
 Do Skill btTarget 2 nSkill 2973 nMotion 6
 skill target type 7
 Do Skill btTarget 2 nSkill 2973 nMotion 6
 skill target type 7
 Do Skill btTarget 2 nSkill 2973 nMotion 6
 skill target type 7
 Do Skill btTarget 2 nSkill 2973 nMotion 6
 skill target type 7
 Do Skill btTarget 2 nSkill 2973 nMotion 6
 skill target type 7
 Do Skill btTarget 2 nSkill 2973 nMotion 6
 skill target type 7
 Do Skill btTarget 2 nSkill 2973 nMotion 6
 skill target type 7
 Do Skill btTarget 2 nSkill 2973 nMotion 6
 skill target type 7
 Do Skill btTarget 2 nSkill 2973 nMotion 6
 skill target type 7
 Do Skill btTarget 2 nSkill 2973 nMotion 6
 skill target type 7
 Do Skill btTarget 2 nSkill 2973 nMotion 6
 skill target type 7
 Do Skill btTarget 2 nSkill 2973 nMotion 6
 skill target type 7
 Do Skill btTarget 2 nSkill 2973 nMotion 6
 skill target type 7
 Do Skill btTarget 2 nSkill 2973 nMotion 6
 skill target type 7
 Do Skill btTarget 2 nSkill 2973 nMotion 6
 skill target type 7
 (SID:1224) Received packet. Command:0783 Size:000c
 XCID, clearing CID 23262
 CID 23262 has already been cleared?
 XCID, clearing CID 23262
  Neanne2 : /go 2
 (SID:1224) Received packet. Command:0753 Size:0009
 User 'frans'(#1) assigned id #23263
 (SID:1224) Received packet. Command:0783 Size:000e
 Data Saved for char 'Neanne2' 
 XCID, clearing CID 23263
 User Disconnected from worldserver.
 User connected from 127.0.0.1
 (SID:1356) Received packet. Command:070b Size:002a
 User 'frans'(#1) logged in with character 'Neanne2'
 (SID:1356) Received packet. Command:0753 Size:0009
 User 'frans'(#1) assigned id #23261
 (SID:1356) Received packet. Command:079a Size:0012
 (SID:1356) Received packet. Command:0783 Size:000e
 (SID:1356) Received packet. Command:0783 Size:000e
 (SID:1356) Received packet. Command:0783 Size:000e
 Data Saved for char 'Neanne2' 
 XCID, clearing CID 23261
 User Disconnected from worldserver.
